<?xml version="1.0" encoding="UTF-8"?>
<testng-results skipped="0" failed="0" total="1" passed="1">
  <reporter-output>
  </reporter-output>
  <suite name="Suite" duration-ms="2997" started-at="2019-12-17T13:28:31Z" finished-at="2019-12-17T13:28:34Z">
    <groups>
    </groups>
    <test name="E2E Test" duration-ms="2997" started-at="2019-12-17T13:28:31Z" finished-at="2019-12-17T13:28:34Z">
      <class name="com.apiAutomation.APIAutomationFramework.testCases.Test1">
        <test-method status="PASS" signature="initiate()[pri:0, instance:com.apiAutomation.APIAutomationFramework.testCases.Test1@2096442d]" name="initiate" is-config="true" duration-ms="8" started-at="2019-12-17T17:28:31Z" finished-at="2019-12-17T17:28:31Z">
          <reporter-output>
          </reporter-output>
        </test-method> <!-- initiate -->
        <test-method status="PASS" signature="findPlace()[pri:0, instance:com.apiAutomation.APIAutomationFramework.testCases.Test1@2096442d]" name="findPlace" duration-ms="2989" started-at="2019-12-17T17:28:31Z" finished-at="2019-12-17T17:28:34Z">
          <reporter-output>
          </reporter-output>
        </test-method> <!-- findPlace -->
      </class> <!-- com.apiAutomation.APIAutomationFramework.testCases.Test1 -->
    </test> <!-- E2E Test -->
  </suite> <!-- Suite -->
</testng-results>
